2016-05-11 00:23:02 [scrapy] INFO: Scrapy 1.0.6 started (bot: wikiSpider)
2016-05-11 00:23:02 [scrapy] INFO: Optional features available: ssl, http11
2016-05-11 00:23:02 [scrapy] INFO: Overridden settings: {'NEWSPIDER_MODULE': 'wikiSpider.spiders', 'SPIDER_MODULES': ['wikiSpider.spiders'], 'LOG_FILE': 'wiki.log', 'BOT_NAME': 'wikiSpider'}
2016-05-11 00:23:02 [scrapy] INFO: Enabled extensions: CloseSpider, TelnetConsole, LogStats, CoreStats, SpiderState
2016-05-11 00:23:02 [scrapy] INFO: Enabled downloader middlewares: HttpAuthMiddleware, DownloadTimeoutMiddleware, UserAgentMiddleware, RetryMiddleware, DefaultHeadersMiddleware, MetaRefreshMiddleware, HttpCompressionMiddleware, RedirectMiddleware, CookiesMiddleware, ChunkedTransferMiddleware, DownloaderStats
2016-05-11 00:23:02 [scrapy] INFO: Enabled spider middlewares: HttpErrorMiddleware, OffsiteMiddleware, RefererMiddleware, UrlLengthMiddleware, DepthMiddleware
2016-05-11 00:23:02 [scrapy] INFO: Enabled item pipelines: 
2016-05-11 00:23:02 [scrapy] INFO: Spider opened
2016-05-11 00:23:02 [scrapy] INFO: Crawled 0 pages (at 0 pages/min), scraped 0 items (at 0 items/min)
2016-05-11 00:23:02 [scrapy] DEBUG: Telnet console listening on 127.0.0.1:6023
2016-05-11 00:23:03 [scrapy] DEBUG: Redirecting (301) to <GET https://en.wikipedia.org/wiki/Main_Page> from <GET http://en.wikipedia.org/wiki/Main_Page>
2016-05-11 00:23:03 [scrapy] DEBUG: Redirecting (301) to <GET https://en.wikipedia.org/wiki/Python_%28programming_language%29> from <GET http://en.wikipedia.org/wiki/Python_%28programming_language%29>
2016-05-11 00:23:04 [scrapy] DEBUG: Crawled (200) <GET https://en.wikipedia.org/wiki/Main_Page> (referer: None)
2016-05-11 00:23:04 [scrapy] ERROR: Spider error processing <GET https://en.wikipedia.org/wiki/Main_Page> (referer: None)
Traceback (most recent call last):
  File "/usr/local/lib/python2.7/site-packages/twisted/internet/defer.py", line 588, in _runCallbacks
    current.result = callback(current.result, *args, **kw)
  File "/usr/local/lib/python2.7/site-packages/scrapy/spiders/__init__.py", line 76, in parse
    raise NotImplementedError
NotImplementedError
2016-05-11 00:23:04 [scrapy] DEBUG: Crawled (200) <GET https://en.wikipedia.org/wiki/Python_%28programming_language%29> (referer: None)
2016-05-11 00:23:04 [scrapy] ERROR: Spider error processing <GET https://en.wikipedia.org/wiki/Python_%28programming_language%29> (referer: None)
Traceback (most recent call last):
  File "/usr/local/lib/python2.7/site-packages/twisted/internet/defer.py", line 588, in _runCallbacks
    current.result = callback(current.result, *args, **kw)
  File "/usr/local/lib/python2.7/site-packages/scrapy/spiders/__init__.py", line 76, in parse
    raise NotImplementedError
NotImplementedError
2016-05-11 00:23:04 [scrapy] INFO: Closing spider (finished)
2016-05-11 00:23:04 [scrapy] INFO: Dumping Scrapy stats:
{'downloader/request_bytes': 1110,
 'downloader/request_count': 4,
 'downloader/request_method_count/GET': 4,
 'downloader/response_bytes': 83505,
 'downloader/response_count': 4,
 'downloader/response_status_count/200': 2,
 'downloader/response_status_count/301': 2,
 'finish_reason': 'finished',
 'finish_time': datetime.datetime(2016, 5, 10, 16, 23, 4, 581885),
 'log_count/DEBUG': 5,
 'log_count/ERROR': 2,
 'log_count/INFO': 7,
 'response_received_count': 2,
 'scheduler/dequeued': 4,
 'scheduler/dequeued/memory': 4,
 'scheduler/enqueued': 4,
 'scheduler/enqueued/memory': 4,
 'spider_exceptions/NotImplementedError': 2,
 'start_time': datetime.datetime(2016, 5, 10, 16, 23, 2, 730997)}
2016-05-11 00:23:04 [scrapy] INFO: Spider closed (finished)
